{"level":"error","message":"error esto es malo","service":"app.js"}
{"level":"error","message":"error esto es malo","service":"app.js","timestamp":"2024-06-13T23:37:13.184Z"}
undefined
undefined
{"level":"error","message":"error esto es malo","service":"app.js","timestamp":"2024-06-13T23:37:41.504Z"}
{"level":"error","message":"error esto es malo","service":"app.js","timestamp":"2024-06-13T23:37:41.978Z"}
{"level":"error","message":"error esto es malo","service":"app.js","timestamp":"2024-06-13T23:38:22.313Z"}
{"level":"error","message":"error esto es malo","service":"app.js","timestamp":"2024-06-13T23:38:22.886Z"}
{"level":"error","message":"error esto es malo","service":"app.js","timestamp":"2024-06-13T23:39:55.783Z"}
undefined
{"level":"error","message":"error esto es malo","service":"app.js","timestamp":"2024-06-13T23:40:13.850Z"}
{"level":"error","message":"error","service":"user-service","timestamp":"2024-06-14T04:09:44.496Z"}
{"level":"error","message":"error","service":"user-service","timestamp":"2024-06-14T04:10:37.677Z"}
{"level":"error","message":"error","timestamp":"2024-06-14T04:11:03.330Z"}
{"level":"error","message":"error","timestamp":"2024-06-14T04:11:40.677Z"}
{"level":"error","message":"error","timestamp":"2024-06-14T04:12:23.934Z"}
{"comment":"esto es malo","level":"error","message":"error","service":"app.js","timestamp":"2024-06-14T04:12:47.414Z"}
{"level":"error","message":"error esto es malo","service":"app.js","timestamp":"2024-06-14T04:14:25.825Z"}
{"level":"error","message":"error esto es malo","service":"app.js","timestamp":"2024-06-15T21:34:15.440Z"}
{"level":"error","message":"error esto es malo","service":"app.js","timestamp":"2024-06-15T21:35:53.036Z"}
{"level":"error","message":"error esto es malo","service":"app.js","timestamp":"2024-06-15T21:50:33.447Z"}
{"level":"error","message":"error esto es malo","service":"app.js","timestamp":"2024-06-15T21:50:49.452Z"}
{"level":"error","message":"error esto es malo","service":"app.js","timestamp":"2024-06-15T21:50:57.385Z"}
{"level":"error","message":"error esto es malo","service":"app.js","timestamp":"2024-06-15T21:51:09.294Z"}
{"level":"error","message":"error esto es malo","service":"app.js","timestamp":"2024-06-15T21:51:12.200Z"}
{"level":"error","message":"error esto es malo","service":"app.js","timestamp":"2024-06-15T21:51:16.822Z"}
{"level":"error","message":"error esto es malo","service":"app.js","timestamp":"2024-06-15T21:51:26.910Z"}
{"level":"error","message":"error esto es malo","service":"app.js","timestamp":"2024-06-15T21:51:29.713Z"}
{"level":"error","message":"error esto es malo","service":"app.js","timestamp":"2024-06-15T21:51:32.776Z"}
{"level":"error","message":"error esto es malo","service":"app.js","timestamp":"2024-06-15T21:51:57.130Z"}
{"level":"error","message":"error esto es malo","service":"app.js","timestamp":"2024-06-15T21:53:12.748Z"}
{"level":"error","message":"error esto es malo","service":"app.js","timestamp":"2024-06-15T21:53:15.439Z"}
{"level":"error","message":"error esto es malo","service":"app.js","timestamp":"2024-06-15T21:53:25.240Z"}
{"level":"error","message":"error esto es malo","service":"app.js","timestamp":"2024-06-15T21:54:39.717Z"}
{"level":"error","message":"error esto es malo","service":"app.js","timestamp":"2024-06-15T21:56:50.016Z"}
{"level":"error","message":"error esto es malo","service":"app.js","timestamp":"2024-06-15T21:57:22.696Z"}
{"level":"error","message":"error esto es malo","service":"app.js","timestamp":"2024-06-15T21:57:31.672Z"}
{"level":"error","message":"error esto es malo","service":"app.js","timestamp":"2024-06-16T17:50:12.511Z"}
